IQ-TREE multicore version 1.6.6 for Linux 64-bit built Jul  1 2018
Developed by Bui Quang Minh, Nguyen Lam Tung, Olga Chernomor,
Heiko Schmidt, Dominik Schrempf, Michael Woodhams.

Host:    vd.cs.iastate.edu (AVX, 503 GB RAM)
Command: ./iqtree -s group_02_alignment_sampled.fasta -m GTR+G4 -nt 10 -t BIONJ
Seed:    633447 (Using SPRNG - Scalable Parallel Random Number Generator)
Time:    Mon Jan  7 13:12:32 2019
Kernel:  AVX - 10 threads (24 CPU cores detected)

Reading alignment file group_02_alignment_sampled.fasta ... Fasta format detected
Alignment most likely contains DNA/RNA sequences
Alignment has 16 sequences with 1506 columns, 728 distinct patterns
681 parsimony-informative, 825 singleton sites, 0 constant sites
         Gap/Ambiguity  Composition  p-value
   1  Taxon05    0.00%    passed     19.28%
   2  Taxon36    0.00%    passed     40.28%
   3  Taxon37    0.00%    passed     98.59%
   4  Taxon38    0.00%    passed     99.29%
   5  Taxon39    0.00%    passed     93.71%
   6  Taxon40    0.00%    passed     98.57%
   7  Taxon41    0.00%    passed     97.89%
   8  Taxon44    0.00%    passed     70.35%
   9  Taxon45    0.00%    passed     81.44%
  10  Taxon46    0.00%    passed     98.61%
  11  Taxon42    0.00%    passed     96.01%
  12  Taxon43    0.00%    passed     78.72%
  13  Taxon47    0.00%    passed     87.34%
  14  Taxon48    0.00%    passed     81.56%
  15  Taxon49    0.00%    passed     97.80%
  16  Taxon50    0.00%    passed     89.47%
****  TOTAL      0.00%  0 sequences failed composition chi2 test (p-value<5%; df=3)
Computing Juke-Cantor distances...
WARNING: Some pairwise distances are too long (saturated)
Computing Juke-Cantor distances...
WARNING: Some pairwise distances are too long (saturated)
Computing BIONJ tree...
0.000 seconds
WARNING: 3 undefined/negative branch lengths are initialized with parsimony

NOTE: 1 MB RAM (0 GB) is required!
WARNING: Number of threads seems too high for short alignments. Use -nt AUTO to determine best number of threads.
Estimate model parameters (epsilon = 0.100)
1. Initial log-likelihood: -13308.767
2. Current log-likelihood: -11725.321
3. Current log-likelihood: -11718.810
Optimal log-likelihood: -11718.809
Rate parameters:  A-C: 0.98931  A-G: 1.08977  A-T: 1.10475  C-G: 1.03002  C-T: 1.25180  G-T: 1.00000
Base frequencies:  A: 0.252  C: 0.259  G: 0.258  T: 0.231
Gamma shape alpha: 998.447
Parameters optimization took 3 rounds (0.061 sec)
Computing ML distances based on estimated model parameters... 0.006 sec
WARNING: Some pairwise ML distances are too long (saturated)
Computing BIONJ tree...
0.000 seconds
Estimate model parameters (epsilon = 0.100)
Log-likelihood of BIONJ tree: -11718.809
--------------------------------------------------------------------
|             INITIALIZING CANDIDATE TREE SET                      |
--------------------------------------------------------------------

Do NNI search on 1 best initial trees
BETTER TREE FOUND at iteration 1: -11718.807
Finish initializing candidate tree set (2)
Current best tree score: -11718.807 / CPU time: 0.015
Number of iterations: 1
--------------------------------------------------------------------
|               OPTIMIZING CANDIDATE TREE SET                      |
--------------------------------------------------------------------
BETTER TREE FOUND at iteration 2: -11718.807
UPDATE BEST LOG-LIKELIHOOD: -11718.807
Iteration 10 / LogL: -11718.807 / Time: 0h:0m:0s
Iteration 20 / LogL: -11718.807 / Time: 0h:0m:1s
Iteration 30 / LogL: -11718.809 / Time: 0h:0m:1s (0h:0m:3s left)
Iteration 40 / LogL: -11718.807 / Time: 0h:0m:2s (0h:0m:3s left)
UPDATE BEST LOG-LIKELIHOOD: -11718.807
Iteration 50 / LogL: -11718.807 / Time: 0h:0m:2s (0h:0m:2s left)
UPDATE BEST LOG-LIKELIHOOD: -11718.807
Iteration 60 / LogL: -11718.807 / Time: 0h:0m:3s (0h:0m:2s left)
Iteration 70 / LogL: -11718.807 / Time: 0h:0m:3s (0h:0m:1s left)
UPDATE BEST LOG-LIKELIHOOD: -11718.807
Iteration 80 / LogL: -11718.807 / Time: 0h:0m:4s (0h:0m:1s left)
UPDATE BEST LOG-LIKELIHOOD: -11718.807
Iteration 90 / LogL: -11718.807 / Time: 0h:0m:4s (0h:0m:0s left)
Iteration 100 / LogL: -11718.807 / Time: 0h:0m:5s (0h:0m:0s left)
TREE SEARCH COMPLETED AFTER 103 ITERATIONS / Time: 0h:0m:5s

--------------------------------------------------------------------
|                    FINALIZING TREE SEARCH                        |
--------------------------------------------------------------------
Performs final model parameters optimization
Estimate model parameters (epsilon = 0.010)
1. Initial log-likelihood: -11718.807
Optimal log-likelihood: -11718.807
Rate parameters:  A-C: 0.98939  A-G: 1.09030  A-T: 1.10331  C-G: 1.03000  C-T: 1.25045  G-T: 1.00000
Base frequencies:  A: 0.252  C: 0.259  G: 0.258  T: 0.231
Gamma shape alpha: 998.447
Parameters optimization took 1 rounds (0.008 sec)
BEST SCORE FOUND : -11718.807
Total tree length: 11.056

Total number of iterations: 103
CPU time used for tree search: 51.759 sec (0h:0m:51s)
Wall-clock time used for tree search: 5.239 sec (0h:0m:5s)
Total CPU time used: 52.554 sec (0h:0m:52s)
Total wall-clock time used: 5.339 sec (0h:0m:5s)

Analysis results written to: 
  IQ-TREE report:                group_02_alignment_sampled.fasta.iqtree
  Maximum-likelihood tree:       group_02_alignment_sampled.fasta.treefile
  BIONJ tree:                    group_02_alignment_sampled.fasta.bionj
  Likelihood distances:          group_02_alignment_sampled.fasta.mldist
  Screen log file:               group_02_alignment_sampled.fasta.log

Date and Time: Mon Jan  7 13:12:37 2019
