IQ-TREE multicore version 1.6.6 for Linux 64-bit built Jul  1 2018
Developed by Bui Quang Minh, Nguyen Lam Tung, Olga Chernomor,
Heiko Schmidt, Dominik Schrempf, Michael Woodhams.

Host:    vd.cs.iastate.edu (AVX, 503 GB RAM)
Command: ./iqtree -s group_04_alignment_sampled.fasta -m GTR+G4 -nt 10 -t BIONJ
Seed:    657232 (Using SPRNG - Scalable Parallel Random Number Generator)
Time:    Mon Jan  7 13:12:40 2019
Kernel:  AVX - 10 threads (24 CPU cores detected)

Reading alignment file group_04_alignment_sampled.fasta ... Fasta format detected
Alignment most likely contains DNA/RNA sequences
Alignment has 16 sequences with 1283 columns, 612 distinct patterns
834 parsimony-informative, 449 singleton sites, 0 constant sites
         Gap/Ambiguity  Composition  p-value
   1  Taxon25    0.00%    passed     92.04%
   2  Taxon67    0.00%    passed     95.44%
   3  Taxon66    0.00%    passed     82.65%
   4  Taxon64    0.00%    passed     81.51%
   5  Taxon65    0.00%    passed     44.55%
   6  Taxon62    0.00%    passed     82.66%
   7  Taxon63    0.00%    passed     62.26%
   8  Taxon61    0.00%    passed     98.45%
   9  Taxon68    0.00%    passed     95.18%
  10  Taxon69    0.00%    passed     81.20%
  11  Taxon71    0.00%    passed     97.55%
  12  Taxon72    0.00%    passed     92.19%
  13  Taxon70    0.00%    passed     98.20%
  14  Taxon74    0.00%    passed     98.26%
  15  Taxon75    0.00%    passed     97.24%
  16  Taxon73    0.00%    passed     99.45%
****  TOTAL      0.00%  0 sequences failed composition chi2 test (p-value<5%; df=3)
Computing Juke-Cantor distances...
WARNING: Some pairwise distances are too long (saturated)
Computing Juke-Cantor distances...
WARNING: Some pairwise distances are too long (saturated)
Computing BIONJ tree...
0.000 seconds
WARNING: 7 undefined/negative branch lengths are initialized with parsimony

NOTE: 1 MB RAM (0 GB) is required!
WARNING: Number of threads seems too high for short alignments. Use -nt AUTO to determine best number of threads.
Estimate model parameters (epsilon = 0.100)
1. Initial log-likelihood: -10908.296
2. Current log-likelihood: -9794.502
3. Current log-likelihood: -9786.646
Optimal log-likelihood: -9786.641
Rate parameters:  A-C: 0.96737  A-G: 1.02424  A-T: 0.94971  C-G: 0.84630  C-T: 1.13243  G-T: 1.00000
Base frequencies:  A: 0.251  C: 0.258  G: 0.253  T: 0.239
Gamma shape alpha: 998.447
Parameters optimization took 3 rounds (0.027 sec)
Computing ML distances based on estimated model parameters... 0.005 sec
WARNING: Some pairwise ML distances are too long (saturated)
Computing BIONJ tree...
0.000 seconds
Estimate model parameters (epsilon = 0.100)
Log-likelihood of BIONJ tree: -9786.519
--------------------------------------------------------------------
|             INITIALIZING CANDIDATE TREE SET                      |
--------------------------------------------------------------------

Do NNI search on 1 best initial trees
UPDATE BEST LOG-LIKELIHOOD: -9786.519
Finish initializing candidate tree set (1)
Current best tree score: -9786.519 / CPU time: 0.011
Number of iterations: 1
--------------------------------------------------------------------
|               OPTIMIZING CANDIDATE TREE SET                      |
--------------------------------------------------------------------
UPDATE BEST LOG-LIKELIHOOD: -9786.518
Iteration 10 / LogL: -9786.518 / Time: 0h:0m:0s
Iteration 20 / LogL: -9786.641 / Time: 0h:0m:0s
Iteration 30 / LogL: -9787.018 / Time: 0h:0m:1s (0h:0m:3s left)
Iteration 40 / LogL: -9787.018 / Time: 0h:0m:1s (0h:0m:2s left)
Iteration 50 / LogL: -9787.018 / Time: 0h:0m:2s (0h:0m:2s left)
UPDATE BEST LOG-LIKELIHOOD: -9786.518
Iteration 60 / LogL: -9786.640 / Time: 0h:0m:2s (0h:0m:1s left)
UPDATE BEST LOG-LIKELIHOOD: -9786.518
Iteration 70 / LogL: -9787.017 / Time: 0h:0m:3s (0h:0m:1s left)
Iteration 80 / LogL: -9787.017 / Time: 0h:0m:3s (0h:0m:0s left)
UPDATE BEST LOG-LIKELIHOOD: -9786.517
Iteration 90 / LogL: -9786.517 / Time: 0h:0m:4s (0h:0m:0s left)
Iteration 100 / LogL: -9787.017 / Time: 0h:0m:4s (0h:0m:0s left)
TREE SEARCH COMPLETED AFTER 101 ITERATIONS / Time: 0h:0m:4s

--------------------------------------------------------------------
|                    FINALIZING TREE SEARCH                        |
--------------------------------------------------------------------
Performs final model parameters optimization
Estimate model parameters (epsilon = 0.010)
1. Initial log-likelihood: -9786.517
Optimal log-likelihood: -9786.517
Rate parameters:  A-C: 0.96539  A-G: 1.01667  A-T: 0.94691  C-G: 0.84647  C-T: 1.13398  G-T: 1.00000
Base frequencies:  A: 0.251  C: 0.258  G: 0.253  T: 0.239
Gamma shape alpha: 998.447
Parameters optimization took 1 rounds (0.005 sec)
BEST SCORE FOUND : -9786.517
Total tree length: 4.198

Total number of iterations: 101
CPU time used for tree search: 45.835 sec (0h:0m:45s)
Wall-clock time used for tree search: 4.630 sec (0h:0m:4s)
Total CPU time used: 46.405 sec (0h:0m:46s)
Total wall-clock time used: 4.688 sec (0h:0m:4s)

Analysis results written to: 
  IQ-TREE report:                group_04_alignment_sampled.fasta.iqtree
  Maximum-likelihood tree:       group_04_alignment_sampled.fasta.treefile
  BIONJ tree:                    group_04_alignment_sampled.fasta.bionj
  Likelihood distances:          group_04_alignment_sampled.fasta.mldist
  Screen log file:               group_04_alignment_sampled.fasta.log

Date and Time: Mon Jan  7 13:12:45 2019
